avmem.sys	at 2023-12-19 12:20:27.442677 : 2 : 0 :4243.445
avmem.sys	at 2023-12-19 12:20:28.443137 : 2 : 0 :4243.445
rnd	at 2023-12-19 12:20:29.257344 : 2 : 0 :9.249018
avmem.sys	at 2023-12-19 12:20:29.442693 : 2 : 0 :4243.445
rnd	at 2023-12-19 12:20:30.257380 : 2 : 0 :7.463932
avmem.sys	at 2023-12-19 12:20:30.441055 : 2 : 0 :4243.445
rnd	at 2023-12-19 12:20:31.257436 : 2 : 0 :6.293238
avmem.sys	at 2023-12-19 12:20:31.441293 : 2 : 0 :4243.445
rnd	at 2023-12-19 12:20:32.257774 : 2 : 0 :9.816406
avmem.sys	at 2023-12-19 12:20:32.443593 : 2 : 0 :4318.406
rnd	at 2023-12-19 12:20:33.258063 : 2 : 0 :3.626189
avmem.sys	at 2023-12-19 12:20:33.444079 : 2 : 0 :4318.406
rnd	at 2023-12-19 12:27:39.120309 : 2 : 0 :2.960329
avmem.sys	at 2023-12-19 12:27:39.456796 : 2 : 0 :4048.984
rnd	at 2023-12-19 12:27:40.120606 : 2 : 0 :1.673022
avmem.sys	at 2023-12-19 12:27:40.456199 : 2 : 0 :4048.984
rnd	at 2023-12-19 12:27:41.120749 : 2 : 0 :3.904255
avmem.sys	at 2023-12-19 12:27:41.456570 : 2 : 0 :4048.984
rnd	at 2023-12-19 12:27:42.120849 : 2 : 0 :4.447583
avmem.sys	at 2023-12-19 12:27:42.456717 : 2 : 0 :4048.984
rnd	at 2023-12-19 12:27:43.121013 : 2 : 0 :0.802379
rnd	at 2023-12-19 16:27:07.267117 : 2 : 0 :2.810876
rnd	at 2023-12-19 16:27:08.267032 : 2 : 0 :1.543929
avmem.sys	at 2023-12-19 16:27:08.765401 : 2 : 0 :5693.398
descr.sys	at 2023-12-19 16:27:08.820886 : 2 : 0 :Linux XYZ 4.15.0-213-generic #224-Ubuntu SMP Mon Jun 19 13:30:12 UTC 2023 x86_64
rnd	at 2023-12-19 16:27:09.267277 : 2 : 0 :8.868415
avmem.sys	at 2023-12-19 16:27:09.767374 : 2 : 0 :5693.398
rnd	at 2023-12-19 16:27:10.267286 : 2 : 0 :5.360795
avmem.sys	at 2023-12-19 16:27:10.766097 : 2 : 0 :5693.398
rnd	at 2023-12-19 16:27:11.267647 : 2 : 0 :8.17386
avmem.sys	at 2023-12-19 16:27:11.764765 : 2 : 0 :5693.398
rnd	at 2023-12-19 16:27:12.267535 : 2 : 0 :0.5186057
avmem.sys	at 2023-12-19 16:27:12.764965 : 2 : 0 :5693.398
rnd	at 2023-12-19 16:27:13.267674 : 2 : 0 :9.296746
descr.sys	at 2023-12-19 16:28:06.604797 : 2 : 0 :Linux XYZ 4.15.0-213-generic #224-Ubuntu SMP Mon Jun 19 13:30:12 UTC 2023 x86_64
avmem.sys	at 2023-12-19 16:28:06.748229 : 2 : 0 :5930.547
rnd	at 2023-12-19 16:28:07.560930 : 2 : 0 :3.920705
avmem.sys	at 2023-12-19 16:28:07.748076 : 2 : 0 :5930.547
rnd	at 2023-12-19 16:28:08.560932 : 2 : 0 :1.147293
avmem.sys	at 2023-12-19 16:28:08.748453 : 2 : 0 :5930.547
rnd	at 2023-12-19 16:28:09.561113 : 2 : 0 :4.374771
avmem.sys	at 2023-12-19 16:28:09.748464 : 2 : 0 :5930.547
rnd	at 2023-12-19 16:28:10.561212 : 2 : 0 :2.120413
avmem.sys	at 2023-12-19 16:28:10.748395 : 2 : 0 :5930.547
rnd	at 2023-12-19 16:30:08.759285 : 2 : 0 :7.213744
avmem.sys	at 2023-12-19 16:30:08.961129 : 2 : 0 :6526.008
descr.sys	at 2023-12-19 16:30:09.549066 : 2 : 0 :Linux XYZ 4.15.0-213-generic #224-Ubuntu SMP Mon Jun 19 13:30:12 UTC 2023 x86_64
rnd	at 2023-12-19 16:30:09.759445 : 2 : 0 :5.418599
avmem.sys	at 2023-12-19 16:30:09.961672 : 2 : 0 :6526.008
rnd	at 2023-12-19 16:30:10.759766 : 2 : 0 :9.735263
avmem.sys	at 2023-12-19 16:30:10.961893 : 2 : 0 :6526.008
rnd	at 2023-12-19 16:30:11.760045 : 2 : 0 :3.94946
descr.sys	at 2023-12-20 10:33:21.508139 : 2 : 0 :Linux XYZ 4.15.0-213-generic #224-Ubuntu SMP Mon Jun 19 13:30:12 UTC 2023 x86_64
rnd	at 2023-12-20 10:33:21.718096 : 2 : 0 :2.931758
rnd	at 2023-12-20 10:33:22.718261 : 2 : 0 :8.73001
avmem.sys	at 2023-12-20 10:33:22.986154 : 2 : 0 :4011.555
rnd	at 2023-12-20 10:33:23.718434 : 2 : 0 :2.786936
avmem.sys	at 2023-12-20 10:33:23.985467 : 2 : 0 :4011.555
descr.sys	at 2023-12-20 11:28:47.300617 : 2 : 0 :Linux XYZ 4.15.0-213-generic #224-Ubuntu SMP Mon Jun 19 13:30:12 UTC 2023 x86_64
rnd	at 2023-12-20 11:28:47.331876 : 2 : 0 :2.953646
avmem.sys	at 2023-12-20 11:28:47.467920 : 2 : 0 :3783.559
rnd	at 2023-12-20 11:28:48.331985 : 2 : 0 :3.658645
avmem.sys	at 2023-12-20 11:28:48.468043 : 2 : 0 :3783.559
rnd	at 2023-12-20 11:28:49.332114 : 2 : 0 :3.026597
avmem.sys	at 2023-12-20 11:28:49.468355 : 2 : 0 :3783.559
rnd	at 2023-12-20 11:28:50.332252 : 2 : 0 :6.017528
avmem.sys	at 2023-12-23 11:33:54.150533 : 2 : 0 :4526.629
rnd	at 2023-12-23 11:33:54.581729 : 2 : 0 :9.451626
avmem.sys	at 2023-12-23 11:33:55.145623 : 2 : 0 :4526.629
descr.sys	at 2023-12-23 11:33:55.543800 : 2 : 0 :Linux XYZ 4.15.0-213-generic #224-Ubuntu SMP Mon Jun 19 13:30:12 UTC 2023 x86_64
rnd	at 2023-12-23 11:33:55.581722 : 2 : 0 :1.894721
avmem.sys	at 2023-12-23 11:33:56.143805 : 2 : 0 :4526.629
rnd	at 2023-12-23 11:33:56.581897 : 2 : 0 :1.327263
avmem.sys	at 2023-12-23 11:33:57.146852 : 2 : 0 :4526.629
rnd	at 2023-12-23 11:33:57.582006 : 2 : 0 :1.693598
avmem.sys	at 2023-12-23 11:33:58.144453 : 2 : 0 :4526.629
rnd	at 2023-12-23 11:33:58.582107 : 2 : 0 :4.752429
avmem.sys	at 2023-12-23 12:01:41.922124 : 2 : 0 :4022.426
rnd	at 2023-12-23 12:01:42.321983 : 2 : 0 :0.7800001
avmem.sys	at 2023-12-23 12:01:42.920674 : 2 : 0 :4022.426
timeticks.sys	at 2023-12-23 12:01:43.032783 : 2 : 0 :35356695
descr.sys	at 2023-12-23 12:01:43.142963 : 2 : 0 :Linux XYZ 4.15.0-213-generic #224-Ubuntu SMP Mon Jun 19 13:30:12 UTC 2023 x86_64
rnd	at 2023-12-23 12:01:43.322210 : 2 : 0 :0.8693395
avmem.sys	at 2023-12-23 12:01:43.918399 : 2 : 0 :4022.426
timeticks.sys	at 2023-12-23 12:01:44.021800 : 2 : 0 :35356795
rnd	at 2023-12-23 12:01:44.322313 : 2 : 0 :0.1948553
avmem.sys	at 2023-12-23 12:01:44.918451 : 2 : 0 :4022.426
timeticks.sys	at 2023-12-23 12:01:45.021844 : 2 : 0 :35356895
rnd	at 2023-12-23 12:01:45.322431 : 2 : 0 :0.4178968
timeticks.sys	at 2023-12-23 12:05:44.198064 : 2 : 0 :35380812
time.sys	at 2023-12-23 12:05:44.198512 : 2 : 0 :98:16:48
avmem.sys	at 2023-12-23 12:05:45.121577 : 2 : 0 :3893.633
timeticks.sys	at 2023-12-23 12:05:45.197453 : 2 : 0 :35380912
time.sys	at 2023-12-23 12:05:45.197772 : 2 : 0 :98:16:49
rnd	at 2023-12-23 12:05:45.493318 : 2 : 0 :0.6342614
descr.sys	at 2023-12-23 12:05:45.607932 : 2 : 0 :Linux XYZ 4.15.0-213-generic #224-Ubuntu SMP Mon Jun 19 13:30:12 UTC 2023 x86_64
avmem.sys	at 2023-12-23 12:05:46.120804 : 2 : 0 :3893.633
timeticks.sys	at 2023-12-23 12:05:46.197492 : 2 : 0 :35381012
time.sys	at 2023-12-23 12:05:46.197676 : 2 : 0 :98:16:50
rnd	at 2023-12-23 12:05:46.493560 : 2 : 0 :0.941438
avmem.sys	at 2023-12-23 12:05:47.121515 : 2 : 0 :3893.633
timeticks.sys	at 2023-12-23 12:05:47.197882 : 2 : 0 :35381112
time.sys	at 2023-12-23 12:05:47.198092 : 2 : 0 :98:16:51
rnd	at 2023-12-23 12:05:47.493855 : 2 : 0 :0.5606645
avmem.sys	at 2023-12-23 12:05:48.138564 : 2 : 0 :3893.633
timeticks.sys	at 2023-12-23 12:05:48.197596 : 2 : 0 :35381212
time.sys	at 2023-12-23 12:05:48.197774 : 2 : 0 :98:16:52
rnd	at 2023-12-23 12:05:48.494169 : 2 : 0 :0.1577782
rnd	at 2023-12-23 12:33:25.378895 : 2 : 0 :0.04305464
avmem.sys	at 2023-12-23 12:33:25.699907 : 2 : 0 :4105.391
rnd	at 2023-12-23 12:33:26.378962 : 2 : 0 :0.663569
timeticks.sys	at 2023-12-23 12:33:26.556524 : 2 : 0 :35547048
time.sys	at 2023-12-23 12:33:26.556781 : 2 : 0 :97 days 97:104:30
avmem.sys	at 2023-12-23 12:33:26.696689 : 2 : 0 :4105.391
descr.sys	at 2023-12-23 12:33:27.036917 : 2 : 0 :Linux XYZ 4.15.0-213-generic #224-Ubuntu SMP Mon Jun 19 13:30:12 UTC 2023 x86_64
rnd	at 2023-12-23 12:33:27.379262 : 2 : 0 :0.9805374
timeticks.sys	at 2023-12-23 12:33:27.557200 : 2 : 0 :35547148
time.sys	at 2023-12-23 12:33:27.557444 : 2 : 0 :97 days 97:104:31
avmem.sys	at 2023-12-23 12:33:27.696092 : 2 : 0 :4105.391
rnd	at 2023-12-23 12:33:28.379591 : 2 : 0 :0.1906008
timeticks.sys	at 2023-12-23 12:33:28.557373 : 2 : 0 :35547248
time.sys	at 2023-12-23 12:33:28.557662 : 2 : 0 :97 days 97:104:32
avmem.sys	at 2023-12-23 12:33:28.696730 : 2 : 0 :4105.391
rnd	at 2023-12-23 12:33:29.379876 : 2 : 0 :0.1308216
timeticks.sys	at 2023-12-23 12:33:29.557667 : 2 : 0 :35547348
time.sys	at 2023-12-23 12:33:29.558027 : 2 : 0 :97 days 97:104:33
avmem.sys	at 2023-12-23 12:33:29.697481 : 2 : 0 :4105.391
rnd	at 2023-12-23 12:33:30.380174 : 2 : 0 :0.3142495
timeticks.sys	at 2023-12-23 12:33:30.557339 : 2 : 0 :35547448
time.sys	at 2023-12-23 12:33:30.557714 : 2 : 0 :97 days 97:104:34
avmem.sys	at 2023-12-23 12:33:30.696134 : 2 : 0 :4105.391
rnd	at 2023-12-23 12:39:34.596076 : 2 : 0 :0.3373621
descr.sys	at 2023-12-23 12:39:34.732894 : 2 : 0 :Linux XYZ 4.15.0-213-generic #224-Ubuntu SMP Mon Jun 19 13:30:12 UTC 2023 x86_64
avmem.sys	at 2023-12-23 12:39:35.085933 : 2 : 0 :3870.5
timeticks.sys	at 2023-12-23 12:39:35.301503 : 2 : 0 :35583922
time.sys	at 2023-12-23 12:39:35.301769 : 2 : 0 :04 days 02:5810:39
rnd	at 2023-12-23 12:39:35.596163 : 2 : 0 :0.141273
avmem.sys	at 2023-12-23 12:39:36.085878 : 2 : 0 :3870.5
timeticks.sys	at 2023-12-23 12:39:36.300575 : 2 : 0 :35584022
time.sys	at 2023-12-23 12:39:36.300760 : 2 : 0 :04 days 02:5810:40
rnd	at 2023-12-23 12:39:36.596270 : 2 : 0 :0.1912135
avmem.sys	at 2023-12-23 12:39:37.086320 : 2 : 0 :3870.5
timeticks.sys	at 2023-12-23 12:39:37.301397 : 2 : 0 :35584122
time.sys	at 2023-12-23 12:39:37.301601 : 2 : 0 :04 days 02:5810:41
rnd	at 2023-12-23 12:39:37.596353 : 2 : 0 :0.008849802
timeticks.sys	at 2023-12-23 12:52:38.806438 : 2 : 0 :35662273
time.sys	at 2023-12-23 12:52:38.806606 : 2 : 0 :04 days 03:06:345462
avmem.sys	at 2023-12-23 12:52:38.908179 : 2 : 0 :4589.074
rnd	at 2023-12-23 12:52:39.655214 : 2 : 0 :0.8604823
timeticks.sys	at 2023-12-23 12:52:39.808876 : 2 : 0 :35662373
time.sys	at 2023-12-23 12:52:39.809093 : 2 : 0 :04 days 03:06:345463
descr.sys	at 2023-12-23 12:52:39.886249 : 2 : 0 :Linux XYZ 4.15.0-213-generic #224-Ubuntu SMP Mon Jun 19 13:30:12 UTC 2023 x86_64
avmem.sys	at 2023-12-23 12:52:39.907103 : 2 : 0 :4589.074
rnd	at 2023-12-23 12:52:40.655449 : 2 : 0 :0.9082042
timeticks.sys	at 2023-12-23 12:52:40.809168 : 2 : 0 :35662473
time.sys	at 2023-12-23 12:52:40.809384 : 2 : 0 :04 days 03:06:345464
avmem.sys	at 2023-12-23 12:52:40.907717 : 2 : 0 :4589.074
rnd	at 2023-12-23 12:52:41.655741 : 2 : 0 :0.9646032
timeticks.sys	at 2023-12-23 12:52:41.808940 : 2 : 0 :35662573
time.sys	at 2023-12-23 12:52:41.809145 : 2 : 0 :04 days 03:06:345465
avmem.sys	at 2023-12-23 12:52:41.907638 : 2 : 0 :4589.074
rnd	at 2023-12-23 13:07:46.126416 : 2 : 0 :0.9795524
avmem.sys	at 2023-12-23 13:07:46.176127 : 2 : 0 :4098.516
descr.sys	at 2023-12-23 13:07:46.371351 : 2 : 0 :Linux XYZ 4.15.0-213-generic #224-Ubuntu SMP Mon Jun 19 13:30:12 UTC 2023 x86_64
timeticks.sys	at 2023-12-23 13:07:46.433492 : 2 : 0 :35753036
time.sys	at 2023-12-23 13:07:46.433775 : 2 : 0 :04 days 03:31:344870
rnd	at 2023-12-23 13:07:47.126507 : 2 : 0 :0.3561108
avmem.sys	at 2023-12-23 13:07:47.176153 : 2 : 0 :4098.516
timeticks.sys	at 2023-12-23 13:07:47.433929 : 2 : 0 :35753136
time.sys	at 2023-12-23 13:07:47.434126 : 2 : 0 :04 days 03:31:344871
rnd	at 2023-12-23 13:07:48.126594 : 2 : 0 :0.8645578
avmem.sys	at 2023-12-23 13:07:48.176551 : 2 : 0 :4098.516
timeticks.sys	at 2023-12-23 13:07:48.434557 : 2 : 0 :35753236
time.sys	at 2023-12-23 13:07:48.434771 : 2 : 0 :04 days 03:31:344872
rnd	at 2023-12-23 13:07:49.126699 : 2 : 0 :0.785211
avmem.sys	at 2023-12-23 13:07:49.176396 : 2 : 0 :4098.516
timeticks.sys	at 2023-12-23 13:07:49.434854 : 2 : 0 :35753336
time.sys	at 2023-12-23 13:07:49.435075 : 2 : 0 :04 days 03:31:344873
rnd	at 2023-12-23 13:07:50.126980 : 2 : 0 :0.4243137
avmem.sys	at 2023-12-23 13:07:50.176571 : 2 : 0 :4098.516
timeticks.sys	at 2023-12-23 13:07:50.434879 : 2 : 0 :35753436
time.sys	at 2023-12-23 13:07:50.435198 : 2 : 0 :04 days 03:31:344874
avmem.sys	at 2023-12-23 15:33:23.675084 : 2 : 0 :3966.613
rnd	at 2023-12-23 15:33:24.217898 : 2 : 0 :0.1222588
descr.sys	at 2023-12-23 15:33:24.535393 : 2 : 0 :Linux XYZ 4.15.0-213-generic #224-Ubuntu SMP Mon Jun 19 13:30:12 UTC 2023 x86_64
avmem.sys	at 2023-12-23 15:33:24.674929 : 2 : 0 :3966.613
rnd	at 2023-12-23 15:33:25.217980 : 2 : 0 :0.7197355
timeticks.sys	at 2023-12-23 15:33:25.286091 : 
time.sys	at 2023-12-23 15:33:25.286226 : 
avmem.sys	at 2023-12-23 15:33:25.675087 : 2 : 0 :3966.613
rnd	at 2023-12-23 15:33:26.218044 : 2 : 0 :0.5688618
avmem.sys	at 2023-12-23 15:33:26.675275 : 2 : 0 :3966.613
rnd	at 2023-12-23 15:33:53.275529 : 2 : 0 :0.01801734
avmem.sys	at 2023-12-23 15:33:53.615087 : 2 : 0 :4072.988
descr.sys	at 2023-12-23 15:33:53.961759 : 2 : 0 :Linux XYZ 4.15.0-213-generic #224-Ubuntu SMP Mon Jun 19 13:30:12 UTC 2023 x86_64
rnd	at 2023-12-23 15:33:54.275614 : 2 : 0 :0.9225902
avmem.sys	at 2023-12-23 15:33:54.614516 : 2 : 0 :4072.988
timeticks.sys	at 2023-12-23 15:33:54.864356 : 
time.sys	at 2023-12-23 15:33:54.864492 : 
rnd	at 2023-12-23 15:33:55.275751 : 2 : 0 :0.9350125
avmem.sys	at 2023-12-23 15:33:55.614555 : 2 : 0 :4072.988
rnd	at 2023-12-23 15:33:56.275841 : 2 : 0 :0.9981886
avmem.sys	at 2023-12-23 15:33:56.614664 : 2 : 0 :4072.988
timeticks.sys	at 2023-12-23 15:33:56.861314 : 
time.sys	at 2023-12-23 15:33:56.861409 : 
rnd	at 2023-12-23 15:33:57.275946 : 2 : 0 :0.9658203
avmem.sys	at 2023-12-23 15:33:57.614635 : 2 : 0 :4072.988
descr.sys	at 2023-12-23 15:39:46.347663 : 2 : 0 :Linux XYZ 4.15.0-213-generic #224-Ubuntu SMP Mon Jun 19 13:30:12 UTC 2023 x86_64
avmem.sys	at 2023-12-23 15:39:47.460391 : 2 : 0 :3895.762
rnd	at 2023-12-23 15:39:47.726851 : 2 : 0 :0.7800359
avmem.sys	at 2023-12-23 15:39:48.460801 : 2 : 0 :3895.762
rnd	at 2023-12-23 15:39:48.726939 : 2 : 0 :0.2264038
avmem.sys	at 2023-12-23 15:39:49.460933 : 2 : 0 :3895.762
rnd	at 2023-12-23 15:39:49.727035 : 2 : 0 :0.9907831
timeticks.sys	at 2023-12-23 15:39:49.982686 : 
time.sys	at 2023-12-23 15:39:49.982905 : 
avmem.sys	at 2023-12-23 15:39:50.460548 : 2 : 0 :3895.762
rnd	at 2023-12-23 15:39:50.727132 : 2 : 0 :0.2953706
avmem.sys	at 2023-12-23 15:39:51.461070 : 2 : 0 :3895.762
rnd	at 2023-12-23 15:39:51.727191 : 2 : 0 :0.7251101
timeticks.sys	at 2023-12-23 15:39:51.978137 : 
time.sys	at 2023-12-23 15:39:51.978321 : 
avmem.sys	at 2023-12-23 15:39:52.463497 : 2 : 0 :3889.227
rnd	at 2023-12-23 15:39:52.727266 : 2 : 0 :0.8534632
avmem.sys	at 2023-12-23 15:39:53.462646 : 2 : 0 :3889.227
rnd	at 2023-12-23 15:39:53.727348 : 2 : 0 :0.9951673
avmem.sys	at 2023-12-23 15:39:54.461850 : 2 : 0 :3889.227
rnd	at 2023-12-23 15:39:54.727431 : 2 : 0 :0.2431056
timeticks.sys	at 2023-12-23 15:39:54.967415 : 
time.sys	at 2023-12-23 15:39:54.967578 : 
avmem.sys	at 2023-12-23 15:39:55.460360 : 2 : 0 :3889.227
rnd	at 2023-12-23 15:39:55.727599 : 2 : 0 :0.398409
avmem.sys	at 2023-12-23 15:39:56.462488 : 2 : 0 :3889.227
rnd	at 2023-12-23 15:39:56.727880 : 2 : 0 :0.1191803
avmem.sys	at 2023-12-23 15:39:57.462156 : 2 : 0 :3889.227
rnd	at 2023-12-23 15:39:57.728166 : 2 : 0 :0.07169258
avmem.sys	at 2023-12-23 15:39:58.462648 : 2 : 0 :3889.961
rnd	at 2023-12-23 15:39:58.728279 : 2 : 0 :0.0411509
avmem.sys	at 2023-12-23 15:39:59.464022 : 2 : 0 :3889.961
avmem.sys	at 2023-12-23 15:41:20.147271 : 2 : 0 :3892.547
rnd	at 2023-12-23 15:41:20.981092 : 2 : 0 :0.6490465
avmem.sys	at 2023-12-23 15:41:21.147085 : 2 : 0 :3892.547
descr.sys	at 2023-12-23 15:41:21.876289 : 2 : 0 :Linux XYZ 4.15.0-213-generic #224-Ubuntu SMP Mon Jun 19 13:30:12 UTC 2023 x86_64
rnd	at 2023-12-23 15:41:21.981196 : 2 : 0 :0.8494504
avmem.sys	at 2023-12-23 15:41:22.147004 : 2 : 0 :3892.547
timeticks.sys	at 2023-12-23 15:41:22.424888 : 
time.sys	at 2023-12-23 15:41:22.425130 : 
rnd	at 2023-12-23 15:41:22.981309 : 2 : 0 :0.6948578
avmem.sys	at 2023-12-23 15:41:23.147240 : 2 : 0 :3892.547
rnd	at 2023-12-23 15:41:23.981617 : 2 : 0 :0.2273906
avmem.sys	at 2023-12-23 15:41:24.147562 : 2 : 0 :3892.547
timeticks.sys	at 2023-12-23 15:41:24.420868 : 
time.sys	at 2023-12-23 15:41:24.421032 : 
rnd	at 2023-12-23 15:41:24.981882 : 2 : 0 :0.1640175
avmem.sys	at 2023-12-23 15:41:25.147426 : 2 : 0 :3885.512
rnd	at 2023-12-23 15:41:25.982031 : 2 : 0 :0.2361037
rnd	at 2023-12-23 15:45:28.493906 : 2 : 0 :0.5162233
avmem.sys	at 2023-12-23 15:45:28.816613 : 2 : 0 :3758.527
rnd	at 2023-12-23 15:45:29.493977 : 2 : 0 :0.7911051
avmem.sys	at 2023-12-23 15:45:29.816719 : 2 : 0 :3758.527
descr.sys	at 2023-12-23 15:45:30.321977 : 2 : 0 :Linux XYZ 4.15.0-213-generic #224-Ubuntu SMP Mon Jun 19 13:30:12 UTC 2023 x86_64
timeticks.sys	at 2023-12-23 15:45:30.364164 : 
time.sys	at 2023-12-23 15:45:30.364412 : 
rnd	at 2023-12-23 15:45:30.494122 : 2 : 0 :0.7226293
avmem.sys	at 2023-12-23 15:45:30.816672 : 2 : 0 :3758.527
rnd	at 2023-12-23 15:45:31.494287 : 2 : 0 :0.1756989
rnd	at 2023-12-23 15:46:19.755387 : 2 : 0 :0.1260056
descr.sys	at 2023-12-23 15:46:20.014865 : 2 : 0 :Linux XYZ 4.15.0-213-generic #224-Ubuntu SMP Mon Jun 19 13:30:12 UTC 2023 x86_64
avmem.sys	at 2023-12-23 15:46:20.572588 : 2 : 0 :3733.445
rnd	at 2023-12-23 15:46:20.755615 : 2 : 0 :0.1823325
avmem.sys	at 2023-12-23 15:46:21.572473 : 2 : 0 :3733.445
rnd	at 2023-12-23 15:46:21.755743 : 2 : 0 :0.8493081
avmem.sys	at 2023-12-23 15:46:22.572395 : 2 : 0 :3733.445
rnd	at 2023-12-23 15:46:22.756055 : 2 : 0 :0.9473268
timeticks.sys	at 2023-12-23 15:46:23.229526 : 
time.sys	at 2023-12-23 15:46:23.229914 : 
avmem.sys	at 2023-12-23 15:46:23.573509 : 2 : 0 :3733.445
rnd	at 2023-12-23 15:46:23.756145 : 2 : 0 :0.9324572
avmem.sys	at 2023-12-23 15:48:01.527022 : 2 : 0 :3718.074
rnd	at 2023-12-23 15:48:02.495777 : 2 : 0 :0.3455703
avmem.sys	at 2023-12-23 15:48:02.526899 : 2 : 0 :3718.074
descr.sys	at 2023-12-23 15:48:02.810131 : 2 : 0 :Linux XYZ 4.15.0-213-generic #224-Ubuntu SMP Mon Jun 19 13:30:12 UTC 2023 x86_64
rnd	at 2023-12-23 15:48:03.496017 : 2 : 0 :0.9647872
avmem.sys	at 2023-12-23 15:48:03.529671 : 2 : 0 :3718.074
timeticks.sys	at 2023-12-23 15:48:04.200046 : 
time.sys	at 2023-12-23 15:48:04.200236 : 
rnd	at 2023-12-23 15:51:52.307220 : 2 : 0 :0.1740004
descr.sys	at 2023-12-23 15:51:52.438121 : 2 : 0 :Linux XYZ 4.15.0-213-generic #224-Ubuntu SMP Mon Jun 19 13:30:12 UTC 2023 x86_64
avmem.sys	at 2023-12-23 15:51:52.907800 : 2 : 0 :4045.711
rnd	at 2023-12-23 15:51:53.307434 : 2 : 0 :0.2977735
avmem.sys	at 2023-12-23 15:51:53.908266 : 2 : 0 :4045.711
rnd	at 2023-12-23 15:51:54.307721 : 2 : 0 :0.1445506
avmem.sys	at 2023-12-23 15:52:42.108176 : 2 : 0 :4019.438
rnd	at 2023-12-23 15:52:42.181900 : 2 : 0 :0.6149635
descr.sys	at 2023-12-23 15:52:43.088403 : 2 : 0 :Linux XYZ 4.15.0-213-generic #224-Ubuntu SMP Mon Jun 19 13:30:12 UTC 2023 x86_64
avmem.sys	at 2023-12-23 15:52:43.107439 : 2 : 0 :4019.438
rnd	at 2023-12-23 15:52:43.182131 : 2 : 0 :0.5440748
avmem.sys	at 2023-12-23 15:52:44.108618 : 2 : 0 :4019.438
rnd	at 2023-12-23 15:52:44.182414 : 2 : 0 :0.3275691
timeticks.sys	at 2023-12-23 15:52:44.262269 : 
time.sys	at 2023-12-23 15:52:44.262525 : 
avmem.sys	at 2023-12-23 15:52:45.108881 : 2 : 0 :4019.438
rnd	at 2023-12-23 15:52:45.182509 : 2 : 0 :0.8838339
avmem.sys	at 2023-12-23 15:55:18.535794 : 2 : 0 :3842.266
descr.sys	at 2023-12-23 15:55:18.676281 : 2 : 0 :Linux XYZ 4.15.0-213-generic #224-Ubuntu SMP Mon Jun 19 13:30:12 UTC 2023 x86_64
rnd	at 2023-12-23 15:55:19.283936 : 2 : 0 :0.9507683
avmem.sys	at 2023-12-23 15:55:19.536183 : 2 : 0 :3842.266
timeticks.sys	at 2023-12-23 15:55:19.992002 : 
time.sys	at 2023-12-23 15:55:19.992185 : 
rnd	at 2023-12-23 15:55:20.284166 : 2 : 0 :0.152535
avmem.sys	at 2023-12-23 15:55:20.535099 : 2 : 0 :3842.266
rnd	at 2023-12-23 15:55:21.284449 : 2 : 0 :0.5385866
avmem.sys	at 2023-12-23 15:55:21.535867 : 2 : 0 :3842.266
timeticks.sys	at 2023-12-23 15:55:21.987093 : 
time.sys	at 2023-12-23 15:55:21.987237 : 
timeticks.sys	at 2023-12-23 16:27:48.139838 : 
timeticks.sys	at 2023-12-23 16:27:49.537210 : 
timeticks.sys	at 2023-12-23 16:27:51.334880 : 
timeticks.sys	at 2023-12-23 16:28:14.750024 : 
timeticks.sys	at 2023-12-23 16:28:16.149361 : 
timeticks.sys	at 2023-12-23 16:28:17.944334 : 
timeticks.sys	at 2023-12-23 16:28:57.616794 : 
timeticks.sys	at 2023-12-23 16:28:59.613145 : 
timeticks.sys	at 2023-12-23 16:38:13.047062 : 
timeticks.sys	at 2023-12-23 16:38:15.039043 : 
timeticks.sys	at 2023-12-23 16:42:41.226921 : 2 : 0 :174344921
timeticks.sys	at 2023-12-23 16:42:42.227262 : 2 : 0 :174345022
timeticks.sys	at 2023-12-23 16:42:43.228004 : 2 : 0 :174345122
timeticks.sys	at 2023-12-23 16:42:44.227810 : 2 : 0 :174345222
timeticks.sys	at 2023-12-23 16:42:45.228365 : 2 : 0 :174345322
timeticks.sys	at 2023-12-23 16:42:46.227938 : 2 : 0 :174345422
timeticks.sys	at 2023-12-23 16:42:47.234839 : 2 : 0 :174345522
timeticks.sys	at 2023-12-23 16:44:25.862556 : 2 : 0 :174355385
time.sys	at 2023-12-23 16:44:25.862999 : 2 : 0 :20 days 04:32:1727233
timeticks.sys	at 2023-12-23 16:44:26.862667 : 2 : 0 :174355485
time.sys	at 2023-12-23 16:44:26.862925 : 2 : 0 :20 days 04:32:1727234
timeticks.sys	at 2023-12-23 16:44:27.863113 : 2 : 0 :174355585
time.sys	at 2023-12-23 16:44:27.863370 : 2 : 0 :20 days 04:32:1727235
timeticks.sys	at 2023-12-23 16:44:28.861690 : 2 : 0 :174355685
time.sys	at 2023-12-23 16:44:28.861910 : 2 : 0 :20 days 04:32:1727236
timeticks.sys	at 2023-12-23 16:44:29.862878 : 2 : 0 :174355785
time.sys	at 2023-12-23 16:44:29.863142 : 2 : 0 :20 days 04:32:1727237
timeticks.sys	at 2023-12-23 16:44:30.863704 : 2 : 0 :174355885
time.sys	at 2023-12-23 16:44:30.863968 : 2 : 0 :20 days 04:32:1727238
timeticks.sys	at 2023-12-23 16:44:31.863226 : 2 : 0 :174355985
time.sys	at 2023-12-23 16:44:31.863545 : 2 : 0 :20 days 04:32:1727239
timeticks.sys	at 2023-12-23 16:44:32.864473 : 2 : 0 :174356085
time.sys	at 2023-12-23 16:44:32.864835 : 2 : 0 :20 days 04:32:1727240
timeticks.sys	at 2023-12-23 17:39:18.756831 : 2 : 0 :174684674
time.sys	at 2023-12-23 17:39:18.757109 : 2 : 0 :20 days 05:23:1727466
timeticks.sys	at 2023-12-23 17:39:19.752827 : 2 : 0 :174684774
time.sys	at 2023-12-23 17:39:19.753094 : 2 : 0 :20 days 05:23:1727467
timeticks.sys	at 2023-12-23 17:39:20.753107 : 2 : 0 :174684874
time.sys	at 2023-12-23 17:39:20.753363 : 2 : 0 :20 days 05:23:1727468
timeticks.sys	at 2023-12-23 17:39:21.754193 : 2 : 0 :174684974
time.sys	at 2023-12-23 17:39:21.754493 : 2 : 0 :20 days 05:23:1727469
timeticks.sys	at 2023-12-23 17:39:22.753870 : 2 : 0 :174685074
time.sys	at 2023-12-23 17:39:22.754125 : 2 : 0 :20 days 05:23:1727470
timeticks.sys	at 2023-12-23 17:39:23.754317 : 2 : 0 :174685174
time.sys	at 2023-12-23 17:39:23.754644 : 2 : 0 :20 days 05:23:1727471
timeticks.sys	at 2023-12-23 17:45:33.342965 : 2 : 0 :174722133
time.sys	at 2023-12-23 17:45:33.343333 : 2 : 0 :20 days 05:203:1717041
timeticks.sys	at 2023-12-23 17:45:34.342477 : 2 : 0 :174722233
time.sys	at 2023-12-23 17:45:34.342736 : 2 : 0 :20 days 05:203:1717042
timeticks.sys	at 2023-12-23 17:45:35.342590 : 2 : 0 :174722333
time.sys	at 2023-12-23 17:45:35.342860 : 2 : 0 :20 days 05:203:1717043
timeticks.sys	at 2023-12-23 17:47:13.871568 : 2 : 0 :174732186
time.sys	at 2023-12-23 17:47:13.872121 : 2 : 0 :20 days 05:220:1716121
timeticks.sys	at 2023-12-23 17:47:14.871031 : 2 : 0 :174732286
time.sys	at 2023-12-23 17:47:14.871255 : 2 : 0 :20 days 05:220:1716122
timeticks.sys	at 2023-12-23 17:47:15.871137 : 2 : 0 :174732386
time.sys	at 2023-12-23 17:47:15.871375 : 2 : 0 :20 days 05:220:1716123
timeticks.sys	at 2023-12-23 17:49:07.852879 : 2 : 0 :174743584
time.sys	at 2023-12-23 17:49:07.853457 : 2 : 0 :20 days 05:23:1728055
timeticks.sys	at 2023-12-23 17:49:08.852947 : 2 : 0 :174743684
time.sys	at 2023-12-23 17:49:08.853342 : 2 : 0 :20 days 05:23:1728056
timeticks.sys	at 2023-12-23 17:49:09.853602 : 2 : 0 :174743784
time.sys	at 2023-12-23 17:49:09.853853 : 2 : 0 :20 days 05:23:1728057
timeticks.sys	at 2023-12-23 17:49:10.853025 : 2 : 0 :174743884
time.sys	at 2023-12-23 17:49:10.853383 : 2 : 0 :20 days 05:23:1728058
timeticks.sys	at 2023-12-23 17:49:24.653995 : 2 : 0 :174745264
time.sys	at 2023-12-23 17:49:24.654386 : 2 : 0 :20 days 05:24:1728012
timeticks.sys	at 2023-12-23 17:49:25.653562 : 2 : 0 :174745364
time.sys	at 2023-12-23 17:49:25.653800 : 2 : 0 :20 days 05:24:1728013
timeticks.sys	at 2023-12-23 17:49:26.653563 : 2 : 0 :174745464
time.sys	at 2023-12-23 17:49:26.653816 : 2 : 0 :20 days 05:24:1728014
timeticks.sys	at 2023-12-23 17:50:31.407959 : 2 : 0 :174751940
time.sys	at 2023-12-23 17:50:31.408295 : 2 : 0 :20 days 05:25:1728019
timeticks.sys	at 2023-12-23 17:50:32.407707 : 2 : 0 :174752040
time.sys	at 2023-12-23 17:50:32.407978 : 2 : 0 :20 days 05:25:1728020
timeticks.sys	at 2023-12-23 17:50:33.408491 : 2 : 0 :174752140
time.sys	at 2023-12-23 17:50:33.408753 : 2 : 0 :20 days 05:25:1728021
timeticks.sys	at 2023-12-23 17:50:34.408068 : 2 : 0 :174752240
time.sys	at 2023-12-23 17:50:34.408324 : 2 : 0 :20 days 05:25:1728022
timeticks.sys	at 2023-12-23 17:50:35.408620 : 2 : 0 :174752340
time.sys	at 2023-12-23 17:50:35.408878 : 2 : 0 :20 days 05:25:1728023
timeticks.sys	at 2023-12-23 17:52:50.311740 : 2 : 0 :174765830
time.sys	at 2023-12-23 17:52:50.312072 : 2 : 0 :20 days 05:27:1728038
timeticks.sys	at 2023-12-23 17:52:51.311841 : 2 : 0 :174765930
time.sys	at 2023-12-23 17:52:51.312099 : 2 : 0 :20 days 05:27:1728039
timeticks.sys	at 2023-12-23 17:52:52.311878 : 2 : 0 :174766030
time.sys	at 2023-12-23 17:52:52.312147 : 2 : 0 :20 days 05:27:1728040
timeticks.sys	at 2023-12-23 17:52:53.312502 : 2 : 0 :174766130
time.sys	at 2023-12-23 17:52:53.312772 : 2 : 0 :20 days 05:27:1728041
timeticks.sys	at 2023-12-23 18:04:59.923774 : 2 : 0 :174838791
time.sys	at 2023-12-23 18:04:59.925109 : 2 : 0 :20 days 05:39:1728047
timeticks.sys	at 2023-12-23 18:05:00.921269 : 2 : 0 :174838891
time.sys	at 2023-12-23 18:05:00.921515 : 2 : 0 :20 days 05:39:1728048
timeticks.sys	at 2023-12-23 18:05:01.923437 : 2 : 0 :174838991
time.sys	at 2023-12-23 18:05:01.923781 : 2 : 0 :20 days 05:39:1728049
timeticks.sys	at 2023-12-23 18:05:02.923320 : 2 : 0 :174839091
time.sys	at 2023-12-23 18:05:02.923682 : 2 : 0 :20 days 05:39:1728050
timeticks.sys	at 2023-12-23 18:05:03.923966 : 2 : 0 :174839191
time.sys	at 2023-12-23 18:05:03.924376 : 2 : 0 :20 days 05:39:1728051
timeticks.sys	at 2023-12-23 18:05:04.923730 : 2 : 0 :174839291
time.sys	at 2023-12-23 18:05:04.924096 : 2 : 0 :20 days 05:39:1728052
timeticks.sys	at 2023-12-23 18:05:05.924217 : 2 : 0 :174839391
time.sys	at 2023-12-23 18:05:05.924586 : 2 : 0 :20 days 05:39:1728053
timeticks.sys	at 2023-12-23 18:05:06.922154 : 2 : 0 :174839491
time.sys	at 2023-12-23 18:05:06.922367 : 2 : 0 :20 days 05:39:1728054
timeticks.sys	at 2023-12-23 18:05:07.924450 : 2 : 0 :174839591
time.sys	at 2023-12-23 18:05:07.924836 : 2 : 0 :20 days 05:39:1728055
timeticks.sys	at 2023-12-23 18:05:08.924627 : 2 : 0 :174839691
time.sys	at 2023-12-23 18:05:08.924998 : 2 : 0 :20 days 05:39:1728056
timeticks.sys	at 2023-12-23 18:05:34.700098 : 2 : 0 :174842269
time.sys	at 2023-12-23 18:05:34.700469 : 2 : 0 :20 days 05:40:1728022
timeticks.sys	at 2023-12-23 18:05:35.699490 : 2 : 0 :174842369
time.sys	at 2023-12-23 18:05:35.699752 : 2 : 0 :20 days 05:40:1728023
timeticks.sys	at 2023-12-23 18:05:36.699594 : 2 : 0 :174842469
time.sys	at 2023-12-23 18:05:36.699849 : 2 : 0 :20 days 05:40:1728024
timeticks.sys	at 2023-12-23 18:05:37.700286 : 2 : 0 :174842569
time.sys	at 2023-12-23 18:05:37.700564 : 2 : 0 :20 days 05:40:1728025
timeticks.sys	at 2023-12-23 18:05:38.700631 : 2 : 0 :174842669
time.sys	at 2023-12-23 18:05:38.700912 : 2 : 0 :20 days 05:40:1728026
timeticks.sys	at 2023-12-23 18:05:39.701270 : 2 : 0 :174842769
time.sys	at 2023-12-23 18:05:39.701559 : 2 : 0 :20 days 05:40:1728027
timeticks.sys	at 2023-12-23 18:05:40.700898 : 2 : 0 :174842869
time.sys	at 2023-12-23 18:05:40.701186 : 2 : 0 :20 days 05:40:1728028
timeticks.sys	at 2023-12-23 18:05:41.701147 : 2 : 0 :174842969
time.sys	at 2023-12-23 18:05:41.701411 : 2 : 0 :20 days 05:40:1728029
timeticks.sys	at 2023-12-23 18:05:42.701497 : 2 : 0 :174843069
time.sys	at 2023-12-23 18:05:42.701791 : 2 : 0 :20 days 05:40:1728030
timeticks.sys	at 2023-12-23 18:05:43.701510 : 2 : 0 :174843169
time.sys	at 2023-12-23 18:05:43.701844 : 2 : 0 :20 days 05:40:1728031
timeticks.sys	at 2023-12-23 18:05:44.700817 : 2 : 0 :174843269
time.sys	at 2023-12-23 18:05:44.701082 : 2 : 0 :20 days 05:40:1728032
timeticks.sys	at 2023-12-23 18:08:33.223543 : 2 : 0 :174860121
time.sys	at 2023-12-23 18:08:33.223909 : 2 : 0 :20 days 05:43:1728021
timeticks.sys	at 2023-12-23 18:08:34.223228 : 2 : 0 :174860221
time.sys	at 2023-12-23 18:08:34.223521 : 2 : 0 :20 days 05:43:1728022
timeticks.sys	at 2023-12-23 18:08:35.223573 : 2 : 0 :174860321
time.sys	at 2023-12-23 18:08:35.223778 : 2 : 0 :20 days 05:43:1728023
timeticks.sys	at 2023-12-23 18:08:36.223880 : 2 : 0 :174860421
time.sys	at 2023-12-23 18:08:36.224177 : 2 : 0 :20 days 05:43:1728024
timeticks.sys	at 2023-12-23 18:08:37.223974 : 2 : 0 :174860521
time.sys	at 2023-12-23 18:08:37.224272 : 2 : 0 :20 days 05:43:1728025
timeticks.sys	at 2023-12-23 18:08:38.224335 : 2 : 0 :174860621
time.sys	at 2023-12-23 18:08:38.224620 : 2 : 0 :20 days 05:43:1728026
timeticks.sys	at 2023-12-23 18:10:23.450564 : 2 : 0 :174871144
time.sys	at 2023-12-23 18:10:23.450895 : 2 : 0 :20 days 05:45:1728011
timeticks.sys	at 2023-12-23 18:10:24.448923 : 2 : 0 :174871244
time.sys	at 2023-12-23 18:10:24.449127 : 2 : 0 :20 days 05:45:1728012
timeticks.sys	at 2023-12-23 18:10:25.450624 : 2 : 0 :174871344
time.sys	at 2023-12-23 18:10:25.450975 : 2 : 0 :20 days 05:45:1728013
timeticks.sys	at 2023-12-23 18:10:26.450369 : 2 : 0 :174871444
time.sys	at 2023-12-23 18:10:26.450636 : 2 : 0 :20 days 05:45:1728014
timeticks.sys	at 2023-12-23 18:10:27.450065 : 2 : 0 :174871544
time.sys	at 2023-12-23 18:10:27.450308 : 2 : 0 :20 days 05:45:1728015
timeticks.sys	at 2023-12-23 18:15:11.570768 : 2 : 0 :174899956
time.sys	at 2023-12-23 18:15:11.571510 : 2 : 0 :20 days 05:49:1728059
timeticks.sys	at 2023-12-23 18:15:12.570456 : 2 : 0 :174900056
time.sys	at 2023-12-23 18:15:12.570837 : 2 : 0 :20 days 05:50:1728000
timeticks.sys	at 2023-12-23 18:15:13.570531 : 2 : 0 :174900156
time.sys	at 2023-12-23 18:15:13.570806 : 2 : 0 :20 days 05:50:1728001
timeticks.sys	at 2023-12-23 18:19:05.621417 : 2 : 0 :174923361
time.sys	at 2023-12-23 18:19:05.621958 : 2 : 0 :20 days 05:53:1728053
timeticks.sys	at 2023-12-23 18:19:06.622220 : 2 : 0 :174923461
time.sys	at 2023-12-23 18:19:06.622618 : 2 : 0 :20 days 05:53:1728054
timeticks.sys	at 2023-12-23 18:19:07.620396 : 2 : 0 :174923561
time.sys	at 2023-12-23 18:19:07.620731 : 2 : 0 :20 days 05:53:1728055
timeticks.sys	at 2023-12-23 18:20:19.864410 : 2 : 0 :174930785
time.sys	at 2023-12-23 18:20:19.864823 : 2 : 0 :20 days 05:55:1728007
timeticks.sys	at 2023-12-23 18:20:20.864046 : 2 : 0 :174930885
time.sys	at 2023-12-23 18:20:20.864282 : 2 : 0 :20 days 05:55:1728008
timeticks.sys	at 2023-12-23 18:20:21.864590 : 2 : 0 :174930985
time.sys	at 2023-12-23 18:20:21.864871 : 2 : 0 :20 days 05:55:1728009
timeticks.sys	at 2023-12-23 18:21:38.693064 : 2 : 0 :174938668
time.sys	at 2023-12-23 18:21:38.693406 : 2 : 0 :20 days 05:56:1728026
timeticks.sys	at 2023-12-23 18:21:39.693191 : 2 : 0 :174938768
time.sys	at 2023-12-23 18:21:39.693477 : 2 : 0 :20 days 05:56:1728027
timeticks.sys	at 2023-12-23 18:21:40.693100 : 2 : 0 :174938868
time.sys	at 2023-12-23 18:21:40.693333 : 2 : 0 :20 days 05:56:1728028
timeticks.sys	at 2023-12-23 18:25:57.051779 : 2 : 0 :174964504
time.sys	at 2023-12-23 18:25:57.051994 : 2 : 0 :20 days 06:00:00
timeticks.sys	at 2023-12-23 18:25:58.051921 : 2 : 0 :174964604
timeticks.sys	at 2023-12-23 18:25:59.052370 : 2 : 0 :174964704
timeticks.sys	at 2023-12-23 18:26:00.052109 : 2 : 0 :174964804
timeticks.sys	at 2023-12-23 18:26:01.052357 : 2 : 0 :174964904
timeticks.sys	at 2023-12-23 18:26:02.052293 : 2 : 0 :174965004
timeticks.sys	at 2023-12-23 18:26:03.054653 : 2 : 0 :174965104
timeticks.sys	at 2023-12-23 18:26:04.054758 : 2 : 0 :174965204
timeticks.sys	at 2023-12-23 18:26:05.052818 : 2 : 0 :174965304
timeticks.sys	at 2023-12-23 18:26:26.253987 : 2 : 0 :174967424
time.sys	at 2023-12-23 18:26:26.254319 : 2 : 0 :20 days 06:01:01
timeticks.sys	at 2023-12-23 18:26:27.254729 : 2 : 0 :174967524
timeticks.sys	at 2023-12-23 18:26:28.254462 : 2 : 0 :174967624
timeticks.sys	at 2023-12-23 18:26:29.254847 : 2 : 0 :174967724
timeticks.sys	at 2023-12-23 18:27:19.870387 : 2 : 0 :174972786
time.sys	at 2023-12-23 18:27:19.870761 : 2 : 0 :20 days 06:02:02
timeticks.sys	at 2023-12-23 18:27:20.867475 : 2 : 0 :174972886
timeticks.sys	at 2023-12-23 18:27:21.867558 : 2 : 0 :174972986
timeticks.sys	at 2023-12-23 18:27:22.867751 : 2 : 0 :174973086
timeticks.sys	at 2023-12-23 18:34:15.044287 : 2 : 0 :175014303
time.sys	at 2023-12-23 18:34:15.044666 : 2 : 0 :20 days 06:09:175014303
timeticks.sys	at 2023-12-23 18:34:16.042270 : 2 : 0 :175014403
time.sys	at 2023-12-23 18:34:16.042692 : 2 : 0 :20 days 06:09:175014403
timeticks.sys	at 2023-12-23 18:34:17.042375 : 2 : 0 :175014503
time.sys	at 2023-12-23 18:34:17.042542 : 2 : 0 :20 days 06:09:175014503
timeticks.sys	at 2023-12-23 18:34:18.042727 : 2 : 0 :175014603
time.sys	at 2023-12-23 18:34:18.042943 : 2 : 0 :20 days 06:09:175014603
timeticks.sys	at 2023-12-23 18:34:19.043204 : 2 : 0 :175014703
time.sys	at 2023-12-23 18:34:19.043379 : 2 : 0 :20 days 06:09:175014703
timeticks.sys	at 2023-12-23 18:38:42.384674 : 2 : 0 :175041037
time.sys	at 2023-12-23 18:38:42.385094 : 2 : 0 :20 days 06:13:175040998
timeticks.sys	at 2023-12-23 18:38:43.383204 : 2 : 0 :175041137
time.sys	at 2023-12-23 18:38:43.383507 : 2 : 0 :20 days 06:13:175041098
timeticks.sys	at 2023-12-23 18:38:44.383348 : 2 : 0 :175041237
time.sys	at 2023-12-23 18:38:44.383633 : 2 : 0 :20 days 06:13:175041198
timeticks.sys	at 2023-12-23 18:38:45.384634 : 2 : 0 :175041337
time.sys	at 2023-12-23 18:38:45.385004 : 2 : 0 :20 days 06:13:175041298
timeticks.sys	at 2023-12-23 18:42:40.147807 : 2 : 0 :175064814
time.sys	at 2023-12-23 18:42:40.148177 : 2 : 0 :20 days 06:17:175064771
timeticks.sys	at 2023-12-23 18:42:41.147398 : 2 : 0 :175064914
time.sys	at 2023-12-23 18:42:41.147634 : 2 : 0 :20 days 06:17:175064871
timeticks.sys	at 2023-12-23 18:42:42.147805 : 2 : 0 :175065014
time.sys	at 2023-12-23 18:42:42.148074 : 2 : 0 :20 days 06:17:175064971
timeticks.sys	at 2023-12-23 18:42:43.148665 : 2 : 0 :175065114
time.sys	at 2023-12-23 18:42:43.148967 : 2 : 0 :20 days 06:17:175065071
timeticks.sys	at 2023-12-23 18:47:56.663515 : 2 : 0 :175096465
time.sys	at 2023-12-23 18:47:56.663901 : 2 : 0 :20 days 06:22:04
timeticks.sys	at 2023-12-23 18:47:57.663784 : 2 : 0 :175096565
timeticks.sys	at 2023-12-23 18:47:58.663920 : 2 : 0 :175096665
timeticks.sys	at 2023-12-23 18:47:59.663412 : 2 : 0 :175096765
timeticks.sys	at 2023-12-23 18:48:00.664031 : 2 : 0 :175096865
timeticks.sys	at 2023-12-23 18:48:39.647089 : 2 : 0 :175100764
time.sys	at 2023-12-23 18:48:39.647390 : 2 : 0 :20 days 06:23:27
timeticks.sys	at 2023-12-23 18:48:40.647652 : 2 : 0 :175100864
time.sys	at 2023-12-23 18:48:40.647910 : 2 : 0 :20 days 06:23:28
timeticks.sys	at 2023-12-23 18:48:41.647757 : 2 : 0 :175100964
time.sys	at 2023-12-23 18:48:41.648035 : 2 : 0 :20 days 06:23:29
timeticks.sys	at 2023-12-23 18:48:42.648940 : 2 : 0 :175101064
time.sys	at 2023-12-23 18:48:42.649282 : 2 : 0 :20 days 06:23:30
timeticks.sys	at 2023-12-23 18:48:52.689337 : 2 : 0 :175102068
time.sys	at 2023-12-23 18:48:52.689610 : 2 : 0 :20 days 06:23:40
timeticks.sys	at 2023-12-23 18:48:53.688952 : 2 : 0 :175102168
time.sys	at 2023-12-23 18:48:53.689208 : 2 : 0 :20 days 06:23:41
timeticks.sys	at 2023-12-23 18:48:54.689685 : 2 : 0 :175102268
time.sys	at 2023-12-23 18:48:54.689976 : 2 : 0 :20 days 06:23:42
timeticks.sys	at 2023-12-23 18:48:55.689572 : 2 : 0 :175102368
time.sys	at 2023-12-23 18:48:55.689838 : 2 : 0 :20 days 06:23:43
timeticks.sys	at 2023-12-23 18:48:56.689875 : 2 : 0 :175102468
time.sys	at 2023-12-23 18:48:56.690166 : 2 : 0 :20 days 06:23:44
timeticks.sys	at 2023-12-23 18:48:57.690687 : 2 : 0 :175102568
time.sys	at 2023-12-23 18:48:57.690968 : 2 : 0 :20 days 06:23:45
timeticks.sys	at 2023-12-23 18:48:58.690646 : 2 : 0 :175102668
time.sys	at 2023-12-23 18:48:58.690936 : 2 : 0 :20 days 06:23:46
timeticks.sys	at 2023-12-23 18:48:59.690634 : 2 : 0 :175102768
time.sys	at 2023-12-23 18:48:59.690909 : 2 : 0 :20 days 06:23:47
timeticks.sys	at 2023-12-23 18:49:00.691031 : 2 : 0 :175102868
time.sys	at 2023-12-23 18:49:00.691304 : 2 : 0 :20 days 06:23:48
timeticks.sys	at 2023-12-23 18:49:01.691277 : 2 : 0 :175102968
time.sys	at 2023-12-23 18:49:01.691554 : 2 : 0 :20 days 06:23:49
timeticks.sys	at 2023-12-23 18:49:02.691899 : 2 : 0 :175103068
time.sys	at 2023-12-23 18:49:02.692190 : 2 : 0 :20 days 06:23:50
timeticks.sys	at 2023-12-23 18:49:03.691346 : 2 : 0 :175103168
time.sys	at 2023-12-23 18:49:03.691597 : 2 : 0 :20 days 06:23:51
timeticks.sys	at 2023-12-23 18:49:04.691854 : 2 : 0 :175103268
time.sys	at 2023-12-23 18:49:04.692115 : 2 : 0 :20 days 06:23:52
timeticks.sys	at 2023-12-23 18:49:05.692124 : 2 : 0 :175103368
time.sys	at 2023-12-23 18:49:05.692399 : 2 : 0 :20 days 06:23:53
timeticks.sys	at 2023-12-23 18:49:06.693441 : 2 : 0 :175103468
time.sys	at 2023-12-23 18:49:06.693705 : 2 : 0 :20 days 06:23:54
timeticks.sys	at 2023-12-23 18:49:07.690308 : 2 : 0 :175103568
time.sys	at 2023-12-23 18:49:07.690519 : 2 : 0 :20 days 06:23:55
timeticks.sys	at 2023-12-23 18:49:08.692566 : 2 : 0 :175103668
time.sys	at 2023-12-23 18:49:08.692870 : 2 : 0 :20 days 06:23:56
timeticks.sys	at 2023-12-23 18:49:09.692424 : 2 : 0 :175103768
time.sys	at 2023-12-23 18:49:09.692685 : 2 : 0 :20 days 06:23:57
timeticks.sys	at 2023-12-23 18:50:11.474380 : 2 : 0 :175109946
time.sys	at 2023-12-23 18:50:11.474692 : 2 : 0 :20 days 06:24:59
timeticks.sys	at 2023-12-23 18:50:12.474051 : 2 : 0 :175110046
time.sys	at 2023-12-23 18:50:12.474296 : 2 : 0 :20 days 06:25:00
timeticks.sys	at 2023-12-23 18:50:13.474712 : 2 : 0 :175110146
time.sys	at 2023-12-23 18:50:13.475036 : 2 : 0 :20 days 06:25:01
timeticks.sys	at 2023-12-23 18:50:14.475448 : 2 : 0 :175110246
time.sys	at 2023-12-23 18:50:14.475656 : 2 : 0 :20 days 06:25:02
timeticks.sys	at 2023-12-23 18:50:15.475614 : 2 : 0 :175110346
time.sys	at 2023-12-23 18:50:15.475901 : 2 : 0 :20 days 06:25:03
timeticks.sys	at 2023-12-23 18:50:16.475805 : 2 : 0 :175110446
time.sys	at 2023-12-23 18:50:16.476170 : 2 : 0 :20 days 06:25:04
timeticks.sys	at 2023-12-23 18:50:17.476008 : 2 : 0 :175110546
time.sys	at 2023-12-23 18:50:17.476255 : 2 : 0 :20 days 06:25:05
timeticks.sys	at 2023-12-23 18:50:18.475816 : 2 : 0 :175110646
time.sys	at 2023-12-23 18:50:18.476082 : 2 : 0 :20 days 06:25:06
timeticks.sys	at 2023-12-23 18:51:01.332093 : 2 : 0 :175114932
time.sys	at 2023-12-23 18:51:01.332629 : 2 : 0 :20 days 06:25:49
timeticks.sys	at 2023-12-23 18:51:02.331559 : 2 : 0 :175115032
time.sys	at 2023-12-23 18:51:02.331886 : 2 : 0 :20 days 06:25:50
timeticks.sys	at 2023-12-23 18:51:03.331359 : 2 : 0 :175115132
time.sys	at 2023-12-23 18:51:03.331649 : 2 : 0 :20 days 06:25:51
timeticks.sys	at 2023-12-23 18:51:04.332703 : 2 : 0 :175115232
time.sys	at 2023-12-23 18:51:04.333123 : 2 : 0 :20 days 06:25:52
timeticks.sys	at 2023-12-23 18:51:05.332374 : 2 : 0 :175115332
time.sys	at 2023-12-23 18:51:05.332742 : 2 : 0 :20 days 06:25:53
timeticks.sys	at 2023-12-23 18:51:06.332919 : 2 : 0 :175115432
time.sys	at 2023-12-23 18:51:06.333186 : 2 : 0 :20 days 06:25:54
timeticks.sys	at 2023-12-23 18:51:07.331106 : 2 : 0 :175115532
time.sys	at 2023-12-23 18:51:07.331350 : 2 : 0 :20 days 06:25:55
timeticks.sys	at 2023-12-23 18:51:08.333480 : 2 : 0 :175115632
time.sys	at 2023-12-23 18:51:08.333856 : 2 : 0 :20 days 06:25:56
timeticks.sys	at 2023-12-23 18:51:09.333125 : 2 : 0 :175115732
time.sys	at 2023-12-23 18:51:09.333491 : 2 : 0 :20 days 06:25:57
timeticks.sys	at 2023-12-23 18:51:10.333251 : 2 : 0 :175115832
time.sys	at 2023-12-23 18:51:10.333611 : 2 : 0 :20 days 06:25:58
timeticks.sys	at 2023-12-23 18:56:32.226006 : 2 : 0 :175148021
time.sys	at 2023-12-23 18:56:32.226377 : 2 : 0 :20 days 06:31:20
timeticks.sys	at 2023-12-23 18:56:33.225911 : 2 : 0 :175148121
time.sys	at 2023-12-23 18:56:33.226227 : 2 : 0 :20 days 06:31:21
timeticks.sys	at 2023-12-23 18:56:34.226114 : 2 : 0 :175148221
time.sys	at 2023-12-23 18:56:34.226403 : 2 : 0 :20 days 06:31:22
timeticks.sys	at 2023-12-23 18:56:35.226285 : 2 : 0 :175148321
time.sys	at 2023-12-23 18:56:35.226567 : 2 : 0 :20 days 06:31:23
timeticks.sys	at 2023-12-23 18:56:36.226277 : 2 : 0 :175148421
time.sys	at 2023-12-23 18:56:36.226536 : 2 : 0 :20 days 06:31:24
timeticks.sys	at 2023-12-23 18:56:37.226724 : 2 : 0 :175148521
time.sys	at 2023-12-23 18:56:37.226963 : 2 : 0 :20 days 06:31:25
timeticks.sys	at 2023-12-23 18:56:38.226161 : 2 : 0 :175148621
time.sys	at 2023-12-23 18:56:38.226426 : 2 : 0 :20 days 06:31:26
timeticks.sys	at 2023-12-23 18:56:39.227234 : 2 : 0 :175148722
time.sys	at 2023-12-23 18:56:39.227476 : 2 : 0 :20 days 06:31:27
timeticks.sys	at 2023-12-23 19:00:19.117013 : 2 : 0 :175170710
time.sys	at 2023-12-23 19:00:19.117256 : 2 : 0 :20 days 06:35:07
timeticks.sys	at 2023-12-23 19:00:20.116247 : 2 : 0 :175170810
time.sys	at 2023-12-23 19:00:20.116432 : 2 : 0 :20 days 06:35:08
timeticks.sys	at 2023-12-23 19:00:21.116291 : 2 : 0 :175170910
time.sys	at 2023-12-23 19:00:21.116455 : 2 : 0 :20 days 06:35:09
timeticks.sys	at 2023-12-23 19:00:22.117169 : 2 : 0 :175171010
time.sys	at 2023-12-23 19:00:22.117338 : 2 : 0 :20 days 06:35:10
timeticks.sys	at 2023-12-23 19:00:23.116747 : 2 : 0 :175171110
time.sys	at 2023-12-23 19:00:23.116879 : 2 : 0 :20 days 06:35:11
timeticks.sys	at 2023-12-23 19:00:24.117658 : 2 : 0 :175171211
time.sys	at 2023-12-23 19:00:24.117851 : 2 : 0 :20 days 06:35:12
timeticks.sys	at 2023-12-23 19:03:37.054112 : 2 : 0 :175190504
time.sys	at 2023-12-23 19:03:37.054300 : 2 : 0 :20 days 06:38:2504
timeticks.sys	at 2023-12-23 19:03:38.052992 : 2 : 0 :175190604
time.sys	at 2023-12-23 19:03:38.053257 : 2 : 0 :20 days 06:38:2604
timeticks.sys	at 2023-12-23 19:03:39.051668 : 2 : 0 :175190704
time.sys	at 2023-12-23 19:03:39.051764 : 2 : 0 :20 days 06:38:2704
timeticks.sys	at 2023-12-23 19:03:40.051416 : 2 : 0 :175190804
time.sys	at 2023-12-23 19:03:40.051516 : 2 : 0 :20 days 06:38:2804
timeticks.sys	at 2023-12-23 19:03:41.052897 : 2 : 0 :175190904
time.sys	at 2023-12-23 19:03:41.053032 : 2 : 0 :20 days 06:38:2904
timeticks.sys	at 2023-12-23 19:03:42.051766 : 2 : 0 :175191004
time.sys	at 2023-12-23 19:03:42.051909 : 2 : 0 :20 days 06:38:3004
timeticks.sys	at 2023-12-23 19:03:43.051885 : 2 : 0 :175191104
time.sys	at 2023-12-23 19:03:43.051982 : 2 : 0 :20 days 06:38:3104
timeticks.sys	at 2023-12-23 19:03:44.053983 : 2 : 0 :175191204
time.sys	at 2023-12-23 19:03:44.054133 : 2 : 0 :20 days 06:38:3204
timeticks.sys	at 2023-12-23 19:04:36.455757 : 2 : 0 :175196444
time.sys	at 2023-12-23 19:04:36.455951 : 2 : 0 :20 days 06:39:24
timeticks.sys	at 2023-12-23 19:04:37.456601 : 2 : 0 :175196544
time.sys	at 2023-12-23 19:04:37.456699 : 2 : 0 :20 days 06:39:25
timeticks.sys	at 2023-12-23 19:04:38.457087 : 2 : 0 :175196644
time.sys	at 2023-12-23 19:04:38.457250 : 2 : 0 :20 days 06:39:26
timeticks.sys	at 2023-12-23 19:04:39.457134 : 2 : 0 :175196744
time.sys	at 2023-12-23 19:04:39.457286 : 2 : 0 :20 days 06:39:27
timeticks.sys	at 2023-12-23 19:04:40.457308 : 2 : 0 :175196845
time.sys	at 2023-12-23 19:04:40.457448 : 2 : 0 :20 days 06:39:28
timeticks.sys	at 2023-12-23 19:04:41.456883 : 2 : 0 :175196944
time.sys	at 2023-12-23 19:04:41.457020 : 2 : 0 :20 days 06:39:29
timeticks.sys	at 2023-12-24 18:12:08.730297 : 2 : 0 :55020.34
time.sys	at 2023-12-24 18:12:08.730555 : 2 : 0 :0 days 00:00:00
timeticks.sys	at 2023-12-24 18:12:09.730716 : 2 : 0 :55021.34
timeticks.sys	at 2023-12-24 18:12:10.730431 : 2 : 0 :55022.34
timeticks.sys	at 2023-12-24 18:12:11.730965 : 2 : 0 :55023.34
timeticks.sys	at 2023-12-24 18:12:12.731510 : 2 : 0 :55024.34
timeticks.sys	at 2023-12-24 18:12:13.731154 : 2 : 0 :55025.34
timeticks.sys	at 2023-12-24 18:12:14.732726 : 2 : 0 :55026.34
timeticks.sys	at 2023-12-24 18:15:45.541428 : 2 : 0 :55237.15
time.sys	at 2023-12-24 18:15:45.541665 : 2 : 0 :0 days 00:00:00
timeticks.sys	at 2023-12-24 18:15:46.541533 : 2 : 0 :55238.15
timeticks.sys	at 2023-12-24 18:15:47.541154 : 2 : 0 :55239.15
timeticks.sys	at 2023-12-24 18:15:48.542609 : 2 : 0 :55240.15
timeticks.sys	at 2023-12-24 18:15:49.541533 : 2 : 0 :55241.15
timeticks.sys	at 2023-12-24 18:16:21.395275 : 2 : 0 :5527300
time.sys	at 2023-12-24 18:16:21.395415 : 2 : 0 :63 days 23:21:40
timeticks.sys	at 2023-12-24 18:16:22.395501 : 2 : 0 :5527400
time.sys	at 2023-12-24 18:16:22.395597 : 2 : 0 :63 days 23:23:20
timeticks.sys	at 2023-12-24 18:16:23.395895 : 2 : 0 :5527500
time.sys	at 2023-12-24 18:16:23.395998 : 2 : 0 :63 days 23:25:00
timeticks.sys	at 2023-12-24 18:56:48.507033 : 2 : 0 :5770011
time.sys	at 2023-12-24 18:56:48.507280 : 2 : 0 :0 days 00:00:00
timeticks.sys	at 2023-12-24 18:56:49.504318 : 2 : 0 :5770111
timeticks.sys	at 2023-12-24 18:56:50.513185 : 2 : 0 :5770212
timeticks.sys	at 2023-12-24 18:56:51.507370 : 2 : 0 :5770311
timeticks.sys	at 2023-12-24 18:56:52.507735 : 2 : 0 :5770412
timeticks.sys	at 2023-12-24 18:57:46.284429 : 2 : 0 :5775789
time.sys	at 2023-12-24 18:57:46.284580 : 2 : 0 :0 days 00:00:00
timeticks.sys	at 2023-12-24 18:57:47.284998 : 2 : 0 :5775889
timeticks.sys	at 2023-12-24 18:57:48.286438 : 2 : 0 :5775989
timeticks.sys	at 2023-12-24 18:57:49.286432 : 2 : 0 :5776089
timeticks.sys	at 2023-12-24 18:57:50.286996 : 2 : 0 :5776189
timeticks.sys	at 2023-12-24 19:04:27.126722 : 2 : 0 :5815873
time.sys	at 2023-12-24 19:04:27.126912 : 2 : 0 :67 days 07:31:13
timeticks.sys	at 2023-12-24 19:04:28.126187 : 2 : 0 :5815973
time.sys	at 2023-12-24 19:04:28.126313 : 2 : 0 :67 days 07:32:53
timeticks.sys	at 2023-12-24 19:04:29.126109 : 2 : 0 :5816073
time.sys	at 2023-12-24 19:04:29.126230 : 2 : 0 :67 days 07:34:33
timeticks.sys	at 2023-12-24 19:07:31.184228 : 2 : 0 :5834279
time.sys	at 2023-12-24 19:07:31.184476 : 2 : 0 :67 days 12:37:59
timeticks.sys	at 2023-12-24 19:07:32.184047 : 2 : 0 :5834379
time.sys	at 2023-12-24 19:07:32.184207 : 2 : 0 :67 days 12:39:39
timeticks.sys	at 2023-12-24 19:07:33.184015 : 2 : 0 :5834479
time.sys	at 2023-12-24 19:07:33.184185 : 2 : 0 :67 days 12:41:19
timeticks.sys	at 2023-12-24 19:12:59.640373 : 2 : 0 :5867125
time.sys	at 2023-12-24 19:12:59.640556 : 2 : 0 :67 days 21:45:25
timeticks.sys	at 2023-12-24 19:13:00.641541 : 2 : 0 :5867225
time.sys	at 2023-12-24 19:13:00.641690 : 2 : 0 :67 days 21:47:05
timeticks.sys	at 2023-12-24 19:13:01.641691 : 2 : 0 :5867325
time.sys	at 2023-12-24 19:13:01.641862 : 2 : 0 :67 days 21:48:45
timeticks.sys	at 2023-12-24 19:13:02.641863 : 2 : 0 :5867425
time.sys	at 2023-12-24 19:13:02.642055 : 2 : 0 :67 days 21:50:25
timeticks.sys	at 2023-12-24 19:13:03.641794 : 2 : 0 :5867525
time.sys	at 2023-12-24 19:13:03.641938 : 2 : 0 :67 days 21:52:05
timeticks.sys	at 2023-12-24 19:13:04.641545 : 2 : 0 :5867625
time.sys	at 2023-12-24 19:13:04.641732 : 2 : 0 :67 days 21:53:45
timeticks.sys	at 2023-12-24 19:15:00.746332 : 2 : 0 :5879235
time.sys	at 2023-12-24 19:15:00.746520 : 2 : 0 :68 days 01:07:15
timeticks.sys	at 2023-12-24 19:15:01.747443 : 2 : 0 :5879336
time.sys	at 2023-12-24 19:15:01.747580 : 2 : 0 :68 days 01:08:56
timeticks.sys	at 2023-12-24 19:15:02.747781 : 2 : 0 :5879436
time.sys	at 2023-12-24 19:15:02.747925 : 2 : 0 :68 days 01:10:36
timeticks.sys	at 2023-12-24 19:15:03.747518 : 2 : 0 :5879536
time.sys	at 2023-12-24 19:15:03.747682 : 2 : 0 :68 days 01:12:16
timeticks.sys	at 2023-12-24 19:15:04.748020 : 2 : 0 :5879636
time.sys	at 2023-12-24 19:15:04.748187 : 2 : 0 :68 days 01:13:56
timeticks.sys	at 2023-12-24 19:15:05.747594 : 2 : 0 :5879736
time.sys	at 2023-12-24 19:15:05.747742 : 2 : 0 :68 days 01:15:36
timeticks.sys	at 2023-12-24 19:16:06.849904 : 2 : 0 :5885846
time.sys	at 2023-12-24 19:16:06.850139 : 2 : 0 :68 days 02:57:26
timeticks.sys	at 2023-12-24 19:16:07.850142 : 2 : 0 :5885946
time.sys	at 2023-12-24 19:16:07.850287 : 2 : 0 :68 days 02:59:06
timeticks.sys	at 2023-12-24 19:16:08.850407 : 2 : 0 :5886046
time.sys	at 2023-12-24 19:16:08.850561 : 2 : 0 :68 days 03:00:46
timeticks.sys	at 2023-12-24 19:16:09.850367 : 2 : 0 :5886146
time.sys	at 2023-12-24 19:16:09.850510 : 2 : 0 :68 days 03:02:26
timeticks.sys	at 2023-12-24 19:18:13.384758 : 2 : 0 :5.898499e+07
time.sys	at 2023-12-24 19:18:13.385062 : 2 : 0 :0 days 00:00:00
timeticks.sys	at 2023-12-24 19:18:14.384832 : 2 : 0 :5.898599e+07
timeticks.sys	at 2023-12-24 19:18:15.385276 : 2 : 0 :5.898699e+07
timeticks.sys	at 2023-12-24 19:18:16.385055 : 2 : 0 :5.898799e+07
timeticks.sys	at 2023-12-24 19:25:25.838554 : 2 : 0 :5.941745e+07
time.sys	at 2023-12-24 19:25:25.838749 : 2 : 0 :0 days 00:00:00
timeticks.sys	at 2023-12-24 19:25:26.838011 : 2 : 0 :5.941845e+07
timeticks.sys	at 2023-12-24 19:25:27.838011 : 2 : 0 :5.941945e+07
timeticks.sys	at 2023-12-24 19:25:28.838632 : 2 : 0 :5.942045e+07
timeticks.sys	at 2023-12-24 19:25:29.838650 : 2 : 0 :5.942145e+07
timeticks.sys	at 2023-12-24 19:25:30.838999 : 2 : 0 :5.942245e+07
timeticks.sys	at 2023-12-24 19:40:42.859234 : 2 : 0 :6.033447e+07
time.sys	at 2023-12-24 19:40:42.859393 : 2 : 0 :0 days 00:00:00
timeticks.sys	at 2023-12-24 19:40:43.859543 : 2 : 0 :6.033547e+07
timeticks.sys	at 2023-12-24 19:40:44.859623 : 2 : 0 :6.033647e+07
timeticks.sys	at 2023-12-24 19:40:45.859807 : 2 : 0 :6.033747e+07
timeticks.sys	at 2023-12-24 19:44:25.837861 : 2 : 0 :6.055745e+07
time.sys	at 2023-12-24 19:44:25.838069 : 2 : 0 :0 days 00:00:00
timeticks.sys	at 2023-12-24 19:44:26.837788 : 2 : 0 :6.055845e+07
timeticks.sys	at 2023-12-24 19:44:27.837321 : 2 : 0 :6.055945e+07
timeticks.sys	at 2023-12-24 19:44:28.837524 : 2 : 0 :6.056045e+07
timeticks.sys	at 2023-12-24 19:44:29.837930 : 2 : 0 :6.056145e+07
timeticks.sys	at 2023-12-25 09:17:18.885898 : 2 : 0 :1.088295e+08
time.sys	at 2023-12-25 09:17:40.269926 : 2 : 0 :0 days 00:00:00
timeticks.sys	at 2023-12-25 09:19:18.205924 : 2 : 0 :1.094443e+08
time.sys	at 2023-12-25 09:19:39.760314 : 2 : 0 :0 days 00:00:00
timeticks.sys	at 2023-12-25 09:25:06.039128 : 2 : 0 :1.09781e+08
timeticks.sys	at 2023-12-25 09:26:23.210320 : 2 : 0 :1.098688e+08
timeticks.sys	at 2023-12-25 09:29:16.036928 : 2 : 0 :11003916
time.sys	at 2023-12-25 09:31:41.536211 : 2 : 0 :127 days 08:38:36
timeticks.sys	at 2023-12-25 09:38:07.184745 : 2 : 0 :1.10577e+08
timeticks.sys	at 2023-12-25 09:41:33.012141 : 2 : 0 :1.107097e+08
timeticks.sys	at 2023-12-25 09:47:16.167492 : 2 : 0 :1.11126e+08
time.sys	at 2023-12-25 09:47:16.167619 : 2 : 0 :1286 days 04:20:10
timeticks.sys	at 2023-12-25 09:48:06.451804 : 2 : 0 :111176.3
time.sys	at 2023-12-25 09:48:06.451978 : 2 : 0 :1 days 06:52:56
